2024-08-20T10:59:01.504Z [right noooow !!, error: CHUMMMMMMMMMMMMMMMAAAAAAAAAAAAAAAAA ]
2024-08-20T11:20:36.686Z [right noooow !!, error: CHUMMMMMMMMMMMMMMMAAAAAAAAAAAAAAAAA ]
2024-08-20T11:20:47.778Z [right noooow !!, error: CHUMMMMMMMMMMMMMMMAAAAAAAAAAAAAAAAA ]
2024-08-20T11:21:32.970Z [right noooow !!, error: CHUMMMMMMMMMMMMMMMAAAAAAAAAAAAAAAAA ]
2024-08-20T11:21:56.187Z [right noooow !!, error: CHUMMMMMMMMMMMMMMMAAAAAAAAAAAAAAAAA ]
2024-08-20T11:22:56.073Z [right noooow !!, error: [object Object]]
2024-08-20T11:23:18.737Z [right noooow !!, error: CHUMMMMMMMMMMMMMMMAAAAAAAAAAAAAAAAA ]
2024-08-20T11:23:21.969Z [right noooow !!, error: [object Object]]
2024-08-20T11:24:30.580Z [right noooow !!, error: CHUMMMMMMMMMMMMMMMAAAAAAAAAAAAAAAAA ]
2024-08-20T11:25:43.972Z [right noooow !!, error: CHUMMMMMMMMMMMMMMMAAAAAAAAAAAAAAAAA ]
2024-08-20T11:26:41.637Z [right noooow !!, error: CHUMMMMMMMMMMMMMMMAAAAAAAAAAAAAAAAA ]
2024-08-20T11:26:48.299Z [right noooow !!, error: [object Object]]
2024-08-20T11:28:00.849Z [right noooow !!, error: [object Object]]
2024-08-20T11:28:11.105Z [right noooow !!, error: [object Object]]
2024-08-20T11:28:41.737Z [right noooow !!, error: CHUMMMMMMMMMMMMMMMAAAAAAAAAAAAAAAAA ]
2024-08-20T11:28:48.278Z [right noooow !!, error: [object Object]]
2024-08-20T11:28:54.552Z [right noooow !!, error: [object Object]]
2024-08-20T11:29:26.802Z [right noooow !!, error: CHUMMMMMMMMMMMMMMMAAAAAAAAAAAAAAAAA ]
2024-08-20T11:29:57.931Z [right noooow !!, error: [object Object]]
2024-08-20T11:30:12.397Z [right noooow !!, error: CHUMMMMMMMMMMMMMMMAAAAAAAAAAAAAAAAA ]
2024-08-20T11:30:15.770Z [right noooow !!, error: [object Object]]
2024-08-20T11:31:01.761Z [right noooow !!, error: CHUMMMMMMMMMMMMMMMAAAAAAAAAAAAAAAAA ]
2024-08-20T11:31:07.380Z [right noooow !!, error: [object Object]]
2024-08-20T11:32:33.011Z [right noooow !!, error: CHUMMMMMMMMMMMMMMMAAAAAAAAAAAAAAAAA ]
2024-08-20T11:32:52.030Z [right noooow !!, error: CHUMMMMMMMMMMMMMMMAAAAAAAAAAAAAAAAA ]
2024-08-20T11:32:57.218Z [right noooow !!, error: [object Object]]
2024-08-20T11:33:42.747Z [right noooow !!, error: CHUMMMMMMMMMMMMMMMAAAAAAAAAAAAAAAAA ]
2024-08-20T11:34:49.422Z [right noooow !!, error: [object Object]]
2024-08-20T11:35:42.411Z [right noooow !!, error: CHUMMMMMMMMMMMMMMMAAAAAAAAAAAAAAAAA ]
2024-08-20T11:43:27.866Z [right noooow !!, error: CHUMMMMMMMMMMMMMMMAAAAAAAAAAAAAAAAA ]
2024-08-20T12:47:29.027Z [right noooow !!, error: CHUMMMMMMMMMMMMMMMAAAAAAAAAAAAAAAAA ]
2024-08-20T12:47:47.637Z [right noooow !!, error: CHUMMMMMMMMMMMMMMMAAAAAAAAAAAAAAAAA ]
2024-08-20T12:48:56.943Z [right noooow !!, error: CHUMMMMMMMMMMMMMMMAAAAAAAAAAAAAAAAA ]
2024-08-20T12:49:00.844Z [right noooow !!, error: CHUMMMMMMMMMMMMMMMAAAAAAAAAAAAAAAAA ]
2024-08-20T12:49:07.082Z [right noooow !!, error: CHUMMMMMMMMMMMMMMMAAAAAAAAAAAAAAAAA ]
2024-08-20T12:50:07.868Z [right noooow !!, error: CHUMMMMMMMMMMMMMMMAAAAAAAAAAAAAAAAA ]
2024-08-20T12:52:16.660Z [right noooow !!, error: CHUMMMMMMMMMMMMMMMAAAAAAAAAAAAAAAAA ]
2024-08-21T23:48:29.896Z [right noooow !!, error: CHUMMMMMMMMMMMMMMMAAAAAAAAAAAAAAAAA ]
2024-08-21T23:59:23.098Z [right noooow !!, error: CHUMMMMMMMMMMMMMMMAAAAAAAAAAAAAAAAA ]
2024-08-21T23:59:43.669Z [right noooow !!, error: CHUMMMMMMMMMMMMMMMAAAAAAAAAAAAAAAAA ]
2024-08-22T00:01:13.142Z [right noooow !!, error: CHUMMMMMMMMMMMMMMMAAAAAAAAAAAAAAAAA ]
2024-08-22T00:01:42.071Z [right noooow !!, error: CHUMMMMMMMMMMMMMMMAAAAAAAAAAAAAAAAA ]
2024-08-22T00:05:09.239Z [right noooow !!, error: CHUMMMMMMMMMMMMMMMAAAAAAAAAAAAAAAAA ]
2024-08-22T03:02:29.586Z [right noooow !!, error: serve started log ]
2024-08-22T05:13:59.756Z [right noooow !!, error: serve started log ]
2024-08-22T08:35:34.591Z [right noooow !!, error: serve started log ]
2024-08-22T08:37:09.917Z [right noooow !!, error: serve started log ]
2024-08-22T08:37:32.892Z [right noooow !!, error: serve started log ]
2024-08-22T08:42:33.071Z [right noooow !!, error: serve started log ]
2024-08-22T09:12:44.768Z [right noooow !!, error: serve started log ]
2024-08-22T09:13:16.296Z [right noooow !!, error: serve started log ]
2024-08-22T09:21:24.530Z [right noooow !!, error: serve started log ]
2024-08-22T09:21:49.093Z [right noooow !!, error: serve started log ]
2024-08-22T09:26:13.191Z [right noooow !!, error: serve started log ]
2024-08-26T04:49:29.004Z [right noooow !!, error: serve started log ]
2024-08-26T04:52:58.231Z [right noooow !!, error: serve started log ]
2024-08-26T04:54:10.769Z [right noooow !!, error: serve started log ]
2024-08-26T05:02:54.529Z [right noooow !!, error: serve started log ]
2024-08-26T05:52:38.614Z [right noooow !!, error: serve started log ]
2024-08-26T05:54:09.285Z [right noooow !!, error: serve started log ]
2024-08-26T05:54:36.148Z [right noooow !!, error: serve started log ]
[32m2024-08-26T14:29:49.921Z[39m [right noooow !!] [31mERROR[39m: serve started log 
[32m2024-08-26T14:30:47.321Z[39m [right noooow !!] [31mERROR[39m: serve started log 
[32m2024-08-26T14:32:00.698Z[39m [right noooow !!] [31mERROR[39m: [44mserve started log [49m
[32m2024-08-26T14:33:54.054Z[39m [right noooow !!] [31mERROR[39m: [44mserve started log [49m
[32m2024-08-26T14:34:59.003Z[39m [right noooow !!] [31mERROR[39m: [44mserve started log [49m
[32m2024-08-26T14:35:25.082Z[39m [right noooow !!] [31mERROR[39m: [44mserve started log [49m
[32m2024-08-26T14:36:23.153Z[39m [right noooow !!] [31mERROR[39m: [44mserve started log [49m
[32m2024-08-26T14:36:29.781Z[39m [right noooow !!] [31mERROR[39m: [44mserve started log [49m
[32m2024-08-26T14:36:47.664Z[39m [right noooow !!] [31mERROR[39m: [44mserve started log [49m
[32m2024-08-26T14:39:08.853Z[39m [right noooow !!] [31mERROR[39m: serve started log 
[32m2024-08-26T14:39:25.722Z[39m [right noooow !!] [31mERROR[39m: [31mserve started log [39m
[32m2024-08-26T14:39:44.653Z[39m [right noooow !!] [31mERROR[39m: [106mserve started log [49m
[32m2024-08-26T14:39:56.822Z[39m [right noooow !!] [31mERROR[39m: [105mserve started log [49m
[32m2024-08-26T14:40:08.114Z[39m [right noooow !!] [31mERROR[39m: [45mserve started log [49m
[43m2024-08-26T14:40:52.129Z[49m [right noooow !!] [41mERROR[49m: [45mserve started log [49m
[40m2024-08-26T14:41:26.255Z[49m [right noooow !!] [41mERROR[49m: [44mserve started log [49m
[47m2024-08-26T14:41:39.897Z[49m [right noooow !!] [41mERROR[49m: [44mserve started log [49m
[33m2024-08-26T14:41:55.573Z[39m [right noooow !!] [41mERROR[49m: [44mserve started log [49m
[34m2024-08-26T14:42:08.354Z[39m [right noooow !!] [41mERROR[49m: [44mserve started log [49m
